<?xml version="1.0" encoding="UTF-8"?>
<!-- Generated by org.testng.reporters.JUnitReportReporter -->
<testsuite hostname="LAPTOP-DK38VD03" failures="0" tests="1" name="tests.logintest" time="2.251" errors="0" timestamp="2023-12-01T16:26:47 IST" skipped="0">
  <testcase classname="tests.logintest" name="testLogin" time="2.251"/>
  <system-out/>
</testsuite> <!-- tests.logintest -->
